2025-11-03T02:29:37.338720Z  INFO tailwindcss_oxide::scanner: Provided sources:
2025-11-03T02:29:37.338790Z  INFO tailwindcss_oxide::scanner: Source: PublicSourceEntry { base: "/Users/a/Documents/Aris/code/rame-admin-copy", pattern: "**/*", negated: false }
2025-11-03T02:29:37.338873Z  INFO tailwindcss_oxide::scanner: Optimized sources:
2025-11-03T02:29:37.338878Z  INFO tailwindcss_oxide::scanner: Source: Auto { base: "/Users/a/Documents/Aris/code/rame-admin-copy" }
2025-11-03T02:29:37.339712Z  INFO scan_sources: tailwindcss_oxide::scanner: enter
2025-11-03T02:29:37.340653Z  INFO scan_sources: tailwindcss_oxide::scanner: Discovering "/Users/a/Documents/Aris/code/rame-admin-copy/vercel.json"
2025-11-03T02:29:37.340670Z  INFO scan_sources: tailwindcss_oxide::scanner: Discovering "/Users/a/Documents/Aris/code/rame-admin-copy/SETUP.md"
2025-11-03T02:29:37.340685Z  INFO scan_sources: tailwindcss_oxide::scanner: Discovering "/Users/a/Documents/Aris/code/rame-admin-copy/postcss.config.mjs"
2025-11-03T02:29:37.340700Z  INFO scan_sources: tailwindcss_oxide::scanner: Discovering "/Users/a/Documents/Aris/code/rame-admin-copy/server.js"
2025-11-03T02:29:37.340756Z  INFO scan_sources: tailwindcss_oxide::scanner: Discovering "/Users/a/Documents/Aris/code/rame-admin-copy/prisma"
2025-11-03T02:29:37.340788Z  INFO scan_sources: tailwindcss_oxide::scanner: Discovering "/Users/a/Documents/Aris/code/rame-admin-copy/prisma/schema.prisma"
2025-11-03T02:29:37.340834Z  INFO scan_sources: tailwindcss_oxide::scanner: Discovering "/Users/a/Documents/Aris/code/rame-admin-copy/README.md"
2025-11-03T02:29:37.340854Z  INFO scan_sources: tailwindcss_oxide::scanner: Discovering "/Users/a/Documents/Aris/code/rame-admin-copy/public"
2025-11-03T02:29:37.340880Z  INFO scan_sources: tailwindcss_oxide::scanner: Discovering "/Users/a/Documents/Aris/code/rame-admin-copy/public/file.svg"
2025-11-03T02:29:37.340893Z  INFO scan_sources: tailwindcss_oxide::scanner: Discovering "/Users/a/Documents/Aris/code/rame-admin-copy/public/Rame-oren.svg"
2025-11-03T02:29:37.340903Z  INFO scan_sources: tailwindcss_oxide::scanner: Discovering "/Users/a/Documents/Aris/code/rame-admin-copy/public/vercel.svg"
2025-11-03T02:29:37.340914Z  INFO scan_sources: tailwindcss_oxide::scanner: Discovering "/Users/a/Documents/Aris/code/rame-admin-copy/public/next.svg"
2025-11-03T02:29:37.340924Z  INFO scan_sources: tailwindcss_oxide::scanner: Discovering "/Users/a/Documents/Aris/code/rame-admin-copy/public/globe.svg"
2025-11-03T02:29:37.340934Z  INFO scan_sources: tailwindcss_oxide::scanner: Discovering "/Users/a/Documents/Aris/code/rame-admin-copy/public/window.svg"
2025-11-03T02:29:37.340956Z  INFO scan_sources: tailwindcss_oxide::scanner: Discovering "/Users/a/Documents/Aris/code/rame-admin-copy/package.json"
2025-11-03T02:29:37.340974Z  INFO scan_sources: tailwindcss_oxide::scanner: Discovering "/Users/a/Documents/Aris/code/rame-admin-copy/scripts"
2025-11-03T02:29:37.340995Z  INFO scan_sources: tailwindcss_oxide::scanner: Discovering "/Users/a/Documents/Aris/code/rame-admin-copy/scripts/migrate-float-to-bigint.js"
2025-11-03T02:29:37.341006Z  INFO scan_sources: tailwindcss_oxide::scanner: Discovering "/Users/a/Documents/Aris/code/rame-admin-copy/scripts/seed-purchase-orders.js"
2025-11-03T02:29:37.341015Z  INFO scan_sources: tailwindcss_oxide::scanner: Discovering "/Users/a/Documents/Aris/code/rame-admin-copy/scripts/test-bigint-db.js"
2025-11-03T02:29:37.341027Z  INFO scan_sources: tailwindcss_oxide::scanner: Discovering "/Users/a/Documents/Aris/code/rame-admin-copy/scripts/setup-redis.ts"
2025-11-03T02:29:37.341037Z  INFO scan_sources: tailwindcss_oxide::scanner: Discovering "/Users/a/Documents/Aris/code/rame-admin-copy/scripts/setup-db.js"
2025-11-03T02:29:37.341047Z  INFO scan_sources: tailwindcss_oxide::scanner: Discovering "/Users/a/Documents/Aris/code/rame-admin-copy/components.json"
2025-11-03T02:29:37.341056Z  INFO scan_sources: tailwindcss_oxide::scanner: Discovering "/Users/a/Documents/Aris/code/rame-admin-copy/tsconfig.json"
2025-11-03T02:29:37.341098Z  INFO scan_sources: tailwindcss_oxide::scanner: Discovering "/Users/a/Documents/Aris/code/rame-admin-copy/eslint.config.mjs"
2025-11-03T02:29:37.341121Z  INFO scan_sources: tailwindcss_oxide::scanner: Discovering "/Users/a/Documents/Aris/code/rame-admin-copy/next.config.ts"
2025-11-03T02:29:37.341138Z  INFO scan_sources: tailwindcss_oxide::scanner: Discovering "/Users/a/Documents/Aris/code/rame-admin-copy/src"
2025-11-03T02:29:37.341165Z  INFO scan_sources: tailwindcss_oxide::scanner: Discovering "/Users/a/Documents/Aris/code/rame-admin-copy/src/app"
2025-11-03T02:29:37.341195Z  INFO scan_sources: tailwindcss_oxide::scanner: Discovering "/Users/a/Documents/Aris/code/rame-admin-copy/src/app/dashboard"
2025-11-03T02:29:37.341226Z  INFO scan_sources: tailwindcss_oxide::scanner: Discovering "/Users/a/Documents/Aris/code/rame-admin-copy/src/app/dashboard/page copy.txt"
2025-11-03T02:29:37.341236Z  INFO scan_sources: tailwindcss_oxide::scanner: Discovering "/Users/a/Documents/Aris/code/rame-admin-copy/src/app/dashboard/page.tsx"
2025-11-03T02:29:37.341254Z  INFO scan_sources: tailwindcss_oxide::scanner: Discovering "/Users/a/Documents/Aris/code/rame-admin-copy/src/app/json-crud"
2025-11-03T02:29:37.341272Z  INFO scan_sources: tailwindcss_oxide::scanner: Discovering "/Users/a/Documents/Aris/code/rame-admin-copy/src/app/layout.tsx"
2025-11-03T02:29:37.341288Z  INFO scan_sources: tailwindcss_oxide::scanner: Discovering "/Users/a/Documents/Aris/code/rame-admin-copy/src/app/api"
2025-11-03T02:29:37.341316Z  INFO scan_sources: tailwindcss_oxide::scanner: Discovering "/Users/a/Documents/Aris/code/rame-admin-copy/src/app/api/purchase-orders-json"
2025-11-03T02:29:37.341337Z  INFO scan_sources: tailwindcss_oxide::scanner: Discovering "/Users/a/Documents/Aris/code/rame-admin-copy/src/app/api/purchase-orders-json/route.ts"
2025-11-03T02:29:37.341358Z  INFO scan_sources: tailwindcss_oxide::scanner: Discovering "/Users/a/Documents/Aris/code/rame-admin-copy/src/app/api/purchase-orders"
2025-11-03T02:29:37.341375Z  INFO scan_sources: tailwindcss_oxide::scanner: Discovering "/Users/a/Documents/Aris/code/rame-admin-copy/src/app/api/purchase-orders/route.ts"
2025-11-03T02:29:37.341396Z  INFO scan_sources: tailwindcss_oxide::scanner: Discovering "/Users/a/Documents/Aris/code/rame-admin-copy/src/app/api/auth"
2025-11-03T02:29:37.341420Z  INFO scan_sources: tailwindcss_oxide::scanner: Discovering "/Users/a/Documents/Aris/code/rame-admin-copy/src/app/api/auth/login"
2025-11-03T02:29:37.341442Z  INFO scan_sources: tailwindcss_oxide::scanner: Discovering "/Users/a/Documents/Aris/code/rame-admin-copy/src/app/api/auth/login/route.ts"
2025-11-03T02:29:37.341460Z  INFO scan_sources: tailwindcss_oxide::scanner: Discovering "/Users/a/Documents/Aris/code/rame-admin-copy/src/app/api/groups"
2025-11-03T02:29:37.341478Z  INFO scan_sources: tailwindcss_oxide::scanner: Discovering "/Users/a/Documents/Aris/code/rame-admin-copy/src/app/api/groups/route.ts"
2025-11-03T02:29:37.341495Z  INFO scan_sources: tailwindcss_oxide::scanner: Discovering "/Users/a/Documents/Aris/code/rame-admin-copy/src/app/api/test-db"
2025-11-03T02:29:37.341511Z  INFO scan_sources: tailwindcss_oxide::scanner: Discovering "/Users/a/Documents/Aris/code/rame-admin-copy/src/app/api/test-db/route.ts"
2025-11-03T02:29:37.341521Z  INFO scan_sources: tailwindcss_oxide::scanner: Discovering "/Users/a/Documents/Aris/code/rame-admin-copy/src/app/page.tsx"
2025-11-03T02:29:37.341530Z  INFO scan_sources: tailwindcss_oxide::scanner: Discovering "/Users/a/Documents/Aris/code/rame-admin-copy/src/app/globals.css"
2025-11-03T02:29:37.341547Z  INFO scan_sources: tailwindcss_oxide::scanner: Discovering "/Users/a/Documents/Aris/code/rame-admin-copy/src/components"
2025-11-03T02:29:37.341570Z  INFO scan_sources: tailwindcss_oxide::scanner: Discovering "/Users/a/Documents/Aris/code/rame-admin-copy/src/components/ui"
2025-11-03T02:29:37.341588Z  INFO scan_sources: tailwindcss_oxide::scanner: Discovering "/Users/a/Documents/Aris/code/rame-admin-copy/src/components/ui/card.tsx"
2025-11-03T02:29:37.341597Z  INFO scan_sources: tailwindcss_oxide::scanner: Discovering "/Users/a/Documents/Aris/code/rame-admin-copy/src/components/ui/chart.tsx"
2025-11-03T02:29:37.341619Z  INFO scan_sources: tailwindcss_oxide::scanner: Discovering "/Users/a/Documents/Aris/code/rame-admin-copy/src/components/ui/label.tsx"
2025-11-03T02:29:37.341629Z  INFO scan_sources: tailwindcss_oxide::scanner: Discovering "/Users/a/Documents/Aris/code/rame-admin-copy/src/components/ui/button.tsx"
2025-11-03T02:29:37.341637Z  INFO scan_sources: tailwindcss_oxide::scanner: Discovering "/Users/a/Documents/Aris/code/rame-admin-copy/src/components/ui/input.tsx"
2025-11-03T02:29:37.341645Z  INFO scan_sources: tailwindcss_oxide::scanner: Discovering "/Users/a/Documents/Aris/code/rame-admin-copy/src/components/ui/form.tsx"
2025-11-03T02:29:37.341662Z  INFO scan_sources: tailwindcss_oxide::scanner: Discovering "/Users/a/Documents/Aris/code/rame-admin-copy/src/lib"
2025-11-03T02:29:37.341680Z  INFO scan_sources: tailwindcss_oxide::scanner: Discovering "/Users/a/Documents/Aris/code/rame-admin-copy/src/lib/utils.ts"
2025-11-03T02:29:37.341689Z  INFO scan_sources: tailwindcss_oxide::scanner: Discovering "/Users/a/Documents/Aris/code/rame-admin-copy/src/lib/types.ts"
2025-11-03T02:29:37.341698Z  INFO scan_sources: tailwindcss_oxide::scanner: Discovering "/Users/a/Documents/Aris/code/rame-admin-copy/src/lib/purchase-orders-service.ts"
2025-11-03T02:29:37.341706Z  INFO scan_sources: tailwindcss_oxide::scanner: Discovering "/Users/a/Documents/Aris/code/rame-admin-copy/src/lib/db.ts"
2025-11-03T02:29:37.341715Z  INFO scan_sources: tailwindcss_oxide::scanner: Discovering "/Users/a/Documents/Aris/code/rame-admin-copy/src/lib/auth.ts"
2025-11-03T02:29:37.341738Z  INFO scan_sources: tailwindcss_oxide::scanner: exit
2025-11-03T02:29:37.341742Z  INFO extract_candidates: tailwindcss_oxide::scanner: enter
2025-11-03T02:29:37.341746Z  INFO extract_candidates:read_all_files: tailwindcss_oxide::scanner: enter
2025-11-03T02:29:37.341749Z  INFO extract_candidates:read_all_files: tailwindcss_oxide::scanner: Reading 42 file(s)
2025-11-03T02:29:37.341922Z  INFO tailwindcss_oxide::scanner: Reading "/Users/a/Documents/Aris/code/rame-admin-copy/next.config.ts"
2025-11-03T02:29:37.341944Z  INFO tailwindcss_oxide::scanner: Reading "/Users/a/Documents/Aris/code/rame-admin-copy/src/components/ui/card.tsx"
2025-11-03T02:29:37.341949Z  INFO tailwindcss_oxide::scanner: Reading "/Users/a/Documents/Aris/code/rame-admin-copy/scripts/test-bigint-db.js"
2025-11-03T02:29:37.341929Z  INFO tailwindcss_oxide::scanner: Reading "/Users/a/Documents/Aris/code/rame-admin-copy/src/app/api/purchase-orders/route.ts"
2025-11-03T02:29:37.342031Z  INFO tailwindcss_oxide::scanner: Reading "/Users/a/Documents/Aris/code/rame-admin-copy/package.json"
2025-11-03T02:29:37.342053Z  INFO tailwindcss_oxide::scanner: Reading "/Users/a/Documents/Aris/code/rame-admin-copy/src/app/dashboard/page.tsx"
2025-11-03T02:29:37.342081Z  INFO tailwindcss_oxide::scanner: Reading "/Users/a/Documents/Aris/code/rame-admin-copy/src/app/layout.tsx"
2025-11-03T02:29:37.342084Z  INFO tailwindcss_oxide::scanner: Reading "/Users/a/Documents/Aris/code/rame-admin-copy/README.md"
2025-11-03T02:29:37.342100Z  INFO tailwindcss_oxide::scanner: Reading "/Users/a/Documents/Aris/code/rame-admin-copy/src/components/ui/form.tsx"
2025-11-03T02:29:37.342096Z  INFO tailwindcss_oxide::scanner: Reading "/Users/a/Documents/Aris/code/rame-admin-copy/public/globe.svg"
2025-11-03T02:29:37.342116Z  INFO tailwindcss_oxide::scanner: Reading "/Users/a/Documents/Aris/code/rame-admin-copy/vercel.json"
2025-11-03T02:29:37.342130Z  INFO tailwindcss_oxide::scanner: Reading "/Users/a/Documents/Aris/code/rame-admin-copy/src/app/api/auth/login/route.ts"
2025-11-03T02:29:37.342137Z  INFO tailwindcss_oxide::scanner: Reading "/Users/a/Documents/Aris/code/rame-admin-copy/src/lib/utils.ts"
2025-11-03T02:29:37.342134Z  INFO tailwindcss_oxide::scanner: Reading "/Users/a/Documents/Aris/code/rame-admin-copy/scripts/setup-redis.ts"
2025-11-03T02:29:37.342159Z  INFO tailwindcss_oxide::scanner: Reading "/Users/a/Documents/Aris/code/rame-admin-copy/src/components/ui/chart.tsx"
2025-11-03T02:29:37.342173Z  INFO tailwindcss_oxide::scanner: Reading "/Users/a/Documents/Aris/code/rame-admin-copy/src/app/api/purchase-orders-json/route.ts"
2025-11-03T02:29:37.342174Z  INFO tailwindcss_oxide::scanner: Reading "/Users/a/Documents/Aris/code/rame-admin-copy/public/file.svg"
2025-11-03T02:29:37.342202Z  INFO tailwindcss_oxide::scanner: Reading "/Users/a/Documents/Aris/code/rame-admin-copy/src/components/ui/label.tsx"
2025-11-03T02:29:37.342209Z  INFO tailwindcss_oxide::scanner: Reading "/Users/a/Documents/Aris/code/rame-admin-copy/src/lib/purchase-orders-service.ts"
2025-11-03T02:29:37.342219Z  INFO tailwindcss_oxide::scanner: Reading "/Users/a/Documents/Aris/code/rame-admin-copy/src/components/ui/button.tsx"
2025-11-03T02:29:37.342227Z  INFO tailwindcss_oxide::scanner: Reading "/Users/a/Documents/Aris/code/rame-admin-copy/src/lib/db.ts"
2025-11-03T02:29:37.342236Z  INFO tailwindcss_oxide::scanner: Reading "/Users/a/Documents/Aris/code/rame-admin-copy/src/components/ui/input.tsx"
2025-11-03T02:29:37.342265Z  INFO tailwindcss_oxide::scanner: Reading "/Users/a/Documents/Aris/code/rame-admin-copy/src/app/dashboard/page copy.txt"
2025-11-03T02:29:37.342268Z  INFO tailwindcss_oxide::scanner: Reading "/Users/a/Documents/Aris/code/rame-admin-copy/public/window.svg"
2025-11-03T02:29:37.342288Z  INFO tailwindcss_oxide::scanner: Reading "/Users/a/Documents/Aris/code/rame-admin-copy/postcss.config.mjs"
2025-11-03T02:29:37.342301Z  INFO tailwindcss_oxide::scanner: Reading "/Users/a/Documents/Aris/code/rame-admin-copy/scripts/setup-db.js"
2025-11-03T02:29:37.342313Z  INFO tailwindcss_oxide::scanner: Reading "/Users/a/Documents/Aris/code/rame-admin-copy/public/Rame-oren.svg"
2025-11-03T02:29:37.342334Z  INFO tailwindcss_oxide::scanner: Reading "/Users/a/Documents/Aris/code/rame-admin-copy/scripts/migrate-float-to-bigint.js"
2025-11-03T02:29:37.342353Z  INFO tailwindcss_oxide::scanner: Reading "/Users/a/Documents/Aris/code/rame-admin-copy/src/app/api/groups/route.ts"
2025-11-03T02:29:37.342372Z  INFO tailwindcss_oxide::scanner: Reading "/Users/a/Documents/Aris/code/rame-admin-copy/src/lib/types.ts"
2025-11-03T02:29:37.342390Z  INFO tailwindcss_oxide::scanner: Reading "/Users/a/Documents/Aris/code/rame-admin-copy/src/app/page.tsx"
2025-11-03T02:29:37.342406Z  INFO tailwindcss_oxide::scanner: Reading "/Users/a/Documents/Aris/code/rame-admin-copy/tsconfig.json"
2025-11-03T02:29:37.342436Z  INFO tailwindcss_oxide::scanner: Reading "/Users/a/Documents/Aris/code/rame-admin-copy/src/lib/auth.ts"
2025-11-03T02:29:37.342444Z  INFO tailwindcss_oxide::scanner: Reading "/Users/a/Documents/Aris/code/rame-admin-copy/SETUP.md"
2025-11-03T02:29:37.342465Z  INFO tailwindcss_oxide::scanner: Reading "/Users/a/Documents/Aris/code/rame-admin-copy/components.json"
2025-11-03T02:29:37.342468Z  INFO tailwindcss_oxide::scanner: Reading "/Users/a/Documents/Aris/code/rame-admin-copy/scripts/seed-purchase-orders.js"
2025-11-03T02:29:37.342474Z  INFO tailwindcss_oxide::scanner: Reading "/Users/a/Documents/Aris/code/rame-admin-copy/public/vercel.svg"
2025-11-03T02:29:37.342476Z  INFO tailwindcss_oxide::scanner: Reading "/Users/a/Documents/Aris/code/rame-admin-copy/public/next.svg"
2025-11-03T02:29:37.342508Z  INFO tailwindcss_oxide::scanner: Reading "/Users/a/Documents/Aris/code/rame-admin-copy/server.js"
2025-11-03T02:29:37.342529Z  INFO tailwindcss_oxide::scanner: Reading "/Users/a/Documents/Aris/code/rame-admin-copy/prisma/schema.prisma"
2025-11-03T02:29:37.342567Z  INFO tailwindcss_oxide::scanner: Reading "/Users/a/Documents/Aris/code/rame-admin-copy/src/app/api/test-db/route.ts"
2025-11-03T02:29:37.342568Z  INFO tailwindcss_oxide::scanner: Reading "/Users/a/Documents/Aris/code/rame-admin-copy/eslint.config.mjs"
2025-11-03T02:29:37.342634Z  INFO extract_candidates:read_all_files: tailwindcss_oxide::scanner: exit
2025-11-03T02:29:37.342640Z  INFO extract_candidates:parse_all_blobs: tailwindcss_oxide::scanner: enter
2025-11-03T02:29:37.342643Z  INFO extract_candidates:parse_all_blobs:extract: tailwindcss_oxide::scanner: enter
2025-11-03T02:29:37.343773Z  INFO extract_candidates:parse_all_blobs:extract: tailwindcss_oxide::scanner: exit
2025-11-03T02:29:37.343787Z  INFO extract_candidates:parse_all_blobs: tailwindcss_oxide::scanner: exit
2025-11-03T02:29:37.343790Z  INFO extract_candidates:read_all_files: tailwindcss_oxide::scanner: enter
2025-11-03T02:29:37.343793Z  INFO extract_candidates:read_all_files: tailwindcss_oxide::scanner: Reading 1 file(s)
2025-11-03T02:29:37.343810Z  INFO extract_candidates:read_all_files: tailwindcss_oxide::scanner: Reading "/Users/a/Documents/Aris/code/rame-admin-copy/src/app/globals.css"
2025-11-03T02:29:37.343815Z  INFO extract_candidates:read_all_files: tailwindcss_oxide::scanner: exit
2025-11-03T02:29:37.343821Z  INFO extract_candidates:extract_css_variables: tailwindcss_oxide::scanner: enter
2025-11-03T02:29:37.343823Z  INFO extract_candidates:extract_css_variables:extract: tailwindcss_oxide::scanner: enter
2025-11-03T02:29:37.343946Z  INFO extract_candidates:extract_css_variables:extract: tailwindcss_oxide::scanner: exit
2025-11-03T02:29:37.343951Z  INFO extract_candidates:extract_css_variables: tailwindcss_oxide::scanner: exit
2025-11-03T02:29:37.344452Z  INFO extract_candidates: tailwindcss_oxide::scanner: exit
2025-11-03T02:29:37.344803Z  INFO get_files: tailwindcss_oxide::scanner: enter
2025-11-03T02:29:37.344808Z  INFO get_files:scan_sources: tailwindcss_oxide::scanner: enter
2025-11-03T02:29:37.345222Z  INFO get_files:scan_sources: tailwindcss_oxide::scanner: Discovering "/Users/a/Documents/Aris/code/rame-admin-copy/prisma"
2025-11-03T02:29:37.345299Z  INFO get_files:scan_sources: tailwindcss_oxide::scanner: Discovering "/Users/a/Documents/Aris/code/rame-admin-copy/public"
2025-11-03T02:29:37.345395Z  INFO get_files:scan_sources: tailwindcss_oxide::scanner: Discovering "/Users/a/Documents/Aris/code/rame-admin-copy/scripts"
2025-11-03T02:29:37.345535Z  INFO get_files:scan_sources: tailwindcss_oxide::scanner: Discovering "/Users/a/Documents/Aris/code/rame-admin-copy/src"
2025-11-03T02:29:37.345567Z  INFO get_files:scan_sources: tailwindcss_oxide::scanner: Discovering "/Users/a/Documents/Aris/code/rame-admin-copy/src/app"
2025-11-03T02:29:37.345601Z  INFO get_files:scan_sources: tailwindcss_oxide::scanner: Discovering "/Users/a/Documents/Aris/code/rame-admin-copy/src/app/dashboard"
2025-11-03T02:29:37.345642Z  INFO get_files:scan_sources: tailwindcss_oxide::scanner: Discovering "/Users/a/Documents/Aris/code/rame-admin-copy/src/app/json-crud"
2025-11-03T02:29:37.345673Z  INFO get_files:scan_sources: tailwindcss_oxide::scanner: Discovering "/Users/a/Documents/Aris/code/rame-admin-copy/src/app/api"
2025-11-03T02:29:37.345701Z  INFO get_files:scan_sources: tailwindcss_oxide::scanner: Discovering "/Users/a/Documents/Aris/code/rame-admin-copy/src/app/api/purchase-orders-json"
2025-11-03T02:29:37.345733Z  INFO get_files:scan_sources: tailwindcss_oxide::scanner: Discovering "/Users/a/Documents/Aris/code/rame-admin-copy/src/app/api/purchase-orders"
2025-11-03T02:29:37.345764Z  INFO get_files:scan_sources: tailwindcss_oxide::scanner: Discovering "/Users/a/Documents/Aris/code/rame-admin-copy/src/app/api/auth"
2025-11-03T02:29:37.345789Z  INFO get_files:scan_sources: tailwindcss_oxide::scanner: Discovering "/Users/a/Documents/Aris/code/rame-admin-copy/src/app/api/auth/login"
2025-11-03T02:29:37.345820Z  INFO get_files:scan_sources: tailwindcss_oxide::scanner: Discovering "/Users/a/Documents/Aris/code/rame-admin-copy/src/app/api/groups"
2025-11-03T02:29:37.345850Z  INFO get_files:scan_sources: tailwindcss_oxide::scanner: Discovering "/Users/a/Documents/Aris/code/rame-admin-copy/src/app/api/test-db"
2025-11-03T02:29:37.345890Z  INFO get_files:scan_sources: tailwindcss_oxide::scanner: Discovering "/Users/a/Documents/Aris/code/rame-admin-copy/src/components"
2025-11-03T02:29:37.345915Z  INFO get_files:scan_sources: tailwindcss_oxide::scanner: Discovering "/Users/a/Documents/Aris/code/rame-admin-copy/src/components/ui"
2025-11-03T02:29:37.345968Z  INFO get_files:scan_sources: tailwindcss_oxide::scanner: Discovering "/Users/a/Documents/Aris/code/rame-admin-copy/src/lib"
2025-11-03T02:29:37.346030Z  INFO get_files:scan_sources: tailwindcss_oxide::scanner: exit
2025-11-03T02:29:37.346122Z  INFO get_files: tailwindcss_oxide::scanner: exit
2025-11-03T02:29:37.346224Z  INFO get_globs: tailwindcss_oxide::scanner: enter
2025-11-03T02:29:37.346229Z  INFO get_globs:scan_sources: tailwindcss_oxide::scanner: enter
2025-11-03T02:29:37.346607Z  INFO get_globs:scan_sources: tailwindcss_oxide::scanner: Discovering "/Users/a/Documents/Aris/code/rame-admin-copy/prisma"
2025-11-03T02:29:37.346668Z  INFO get_globs:scan_sources: tailwindcss_oxide::scanner: Discovering "/Users/a/Documents/Aris/code/rame-admin-copy/public"
2025-11-03T02:29:37.346743Z  INFO get_globs:scan_sources: tailwindcss_oxide::scanner: Discovering "/Users/a/Documents/Aris/code/rame-admin-copy/scripts"
2025-11-03T02:29:37.346831Z  INFO get_globs:scan_sources: tailwindcss_oxide::scanner: Discovering "/Users/a/Documents/Aris/code/rame-admin-copy/src"
2025-11-03T02:29:37.346863Z  INFO get_globs:scan_sources: tailwindcss_oxide::scanner: Discovering "/Users/a/Documents/Aris/code/rame-admin-copy/src/app"
2025-11-03T02:29:37.346893Z  INFO get_globs:scan_sources: tailwindcss_oxide::scanner: Discovering "/Users/a/Documents/Aris/code/rame-admin-copy/src/app/dashboard"
2025-11-03T02:29:37.346930Z  INFO get_globs:scan_sources: tailwindcss_oxide::scanner: Discovering "/Users/a/Documents/Aris/code/rame-admin-copy/src/app/json-crud"
2025-11-03T02:29:37.346960Z  INFO get_globs:scan_sources: tailwindcss_oxide::scanner: Discovering "/Users/a/Documents/Aris/code/rame-admin-copy/src/app/api"
2025-11-03T02:29:37.346986Z  INFO get_globs:scan_sources: tailwindcss_oxide::scanner: Discovering "/Users/a/Documents/Aris/code/rame-admin-copy/src/app/api/purchase-orders-json"
2025-11-03T02:29:37.347015Z  INFO get_globs:scan_sources: tailwindcss_oxide::scanner: Discovering "/Users/a/Documents/Aris/code/rame-admin-copy/src/app/api/purchase-orders"
2025-11-03T02:29:37.347042Z  INFO get_globs:scan_sources: tailwindcss_oxide::scanner: Discovering "/Users/a/Documents/Aris/code/rame-admin-copy/src/app/api/auth"
2025-11-03T02:29:37.347064Z  INFO get_globs:scan_sources: tailwindcss_oxide::scanner: Discovering "/Users/a/Documents/Aris/code/rame-admin-copy/src/app/api/auth/login"
2025-11-03T02:29:37.347092Z  INFO get_globs:scan_sources: tailwindcss_oxide::scanner: Discovering "/Users/a/Documents/Aris/code/rame-admin-copy/src/app/api/groups"
2025-11-03T02:29:37.347118Z  INFO get_globs:scan_sources: tailwindcss_oxide::scanner: Discovering "/Users/a/Documents/Aris/code/rame-admin-copy/src/app/api/test-db"
2025-11-03T02:29:37.347154Z  INFO get_globs:scan_sources: tailwindcss_oxide::scanner: Discovering "/Users/a/Documents/Aris/code/rame-admin-copy/src/components"
2025-11-03T02:29:37.347177Z  INFO get_globs:scan_sources: tailwindcss_oxide::scanner: Discovering "/Users/a/Documents/Aris/code/rame-admin-copy/src/components/ui"
2025-11-03T02:29:37.347225Z  INFO get_globs:scan_sources: tailwindcss_oxide::scanner: Discovering "/Users/a/Documents/Aris/code/rame-admin-copy/src/lib"
2025-11-03T02:29:37.347269Z  INFO get_globs:scan_sources: tailwindcss_oxide::scanner: exit
2025-11-03T02:29:37.348853Z  INFO get_globs: tailwindcss_oxide::scanner: exit
